[2025-06-12T12:28:09.842+0000] {manager.py:469} INFO - Processing files using up to 2 processes at a time 
[2025-06-12T12:28:09.845+0000] {manager.py:470} INFO - Process each file at most once every 30 seconds
[2025-06-12T12:28:09.846+0000] {manager.py:471} INFO - Checking for new files in /opt/airflow/dags every 300 seconds
[2025-06-12T12:28:09.846+0000] {manager.py:738} INFO - Searching for files in /opt/airflow/dags
[2025-06-12T12:28:09.851+0000] {manager.py:741} INFO - There are 1 files in /opt/airflow/dags
[2025-06-12T12:28:10.009+0000] {manager.py:879} INFO - 
================================================================================
DAG File Processing Stats

File Path                                   PID  Runtime      # DAGs    # Errors  Last Runtime    Last Run
----------------------------------------  -----  ---------  --------  ----------  --------------  ----------
/opt/airflow/dags/fetch_bitcoin_price.py     22  0.05s             0           0
================================================================================
[2025-06-12T12:28:40.139+0000] {manager.py:879} INFO - 
================================================================================
DAG File Processing Stats

File Path                                 PID    Runtime      # DAGs    # Errors  Last Runtime    Last Run
----------------------------------------  -----  ---------  --------  ----------  --------------  -------------------
/opt/airflow/dags/fetch_bitcoin_price.py                           1           0  0.63s           2025-06-12T12:28:10
================================================================================
[2025-06-12T12:29:10.878+0000] {manager.py:879} INFO - 
================================================================================
DAG File Processing Stats

File Path                                 PID    Runtime      # DAGs    # Errors  Last Runtime    Last Run
----------------------------------------  -----  ---------  --------  ----------  --------------  -------------------
/opt/airflow/dags/fetch_bitcoin_price.py                           1           0  0.18s           2025-06-12T12:28:40
================================================================================
[2025-06-12T12:29:41.200+0000] {manager.py:879} INFO - 
================================================================================
DAG File Processing Stats

File Path                                 PID    Runtime      # DAGs    # Errors  Last Runtime    Last Run
----------------------------------------  -----  ---------  --------  ----------  --------------  -------------------
/opt/airflow/dags/fetch_bitcoin_price.py                           1           0  0.18s           2025-06-12T12:29:11
================================================================================
[2025-06-12T12:30:11.531+0000] {manager.py:879} INFO - 
================================================================================
DAG File Processing Stats

File Path                                 PID    Runtime      # DAGs    # Errors  Last Runtime    Last Run
----------------------------------------  -----  ---------  --------  ----------  --------------  -------------------
/opt/airflow/dags/fetch_bitcoin_price.py                           1           0  0.17s           2025-06-12T12:29:41
================================================================================
[2025-06-12T12:30:41.840+0000] {manager.py:879} INFO - 
================================================================================
DAG File Processing Stats

File Path                                   PID  Runtime      # DAGs    # Errors  Last Runtime    Last Run
----------------------------------------  -----  ---------  --------  ----------  --------------  -------------------
/opt/airflow/dags/fetch_bitcoin_price.py     27  0.01s             1           0  0.12s           2025-06-12T12:30:11
================================================================================
